Performing C SOURCE FILE Test OpenMP_FLAG_DETECTED failed with the following output:
Change Dir: /Users/Maiky/Dropbox/KTH/DH2320/Assignments/dh2320-labs/Assignment02/code/build/CMakeFiles/CMakeTmp

Run Build Command:"/usr/bin/make" "cmTC_cff73/fast"
/Library/Developer/CommandLineTools/usr/bin/make -f CMakeFiles/cmTC_cff73.dir/build.make CMakeFiles/cmTC_cff73.dir/build
Building C object CMakeFiles/cmTC_cff73.dir/src.c.o
/Library/Developer/CommandLineTools/usr/bin/cc    -DOpenMP_FLAG_DETECTED -fopenmp=libomp   -o CMakeFiles/cmTC_cff73.dir/src.c.o   -c /Users/Maiky/Dropbox/KTH/DH2320/Assignments/dh2320-labs/Assignment02/code/build/CMakeFiles/CMakeTmp/src.c
clang: error: unsupported argument 'libomp' to option 'fopenmp='
make[1]: *** [CMakeFiles/cmTC_cff73.dir/src.c.o] Error 1
make: *** [cmTC_cff73/fast] Error 2

Source file was:

#include <omp.h>
int main() {
#ifdef _OPENMP
  return 0;
#else
  breaks_on_purpose
#endif
}

Performing C SOURCE FILE Test OpenMP_FLAG_DETECTED failed with the following output:
Change Dir: /Users/Maiky/Dropbox/KTH/DH2320/Assignments/dh2320-labs/Assignment02/code/build/CMakeFiles/CMakeTmp

Run Build Command:"/usr/bin/make" "cmTC_5510b/fast"
/Library/Developer/CommandLineTools/usr/bin/make -f CMakeFiles/cmTC_5510b.dir/build.make CMakeFiles/cmTC_5510b.dir/build
Building C object CMakeFiles/cmTC_5510b.dir/src.c.o
/Library/Developer/CommandLineTools/usr/bin/cc    -DOpenMP_FLAG_DETECTED   -o CMakeFiles/cmTC_5510b.dir/src.c.o   -c /Users/Maiky/Dropbox/KTH/DH2320/Assignments/dh2320-labs/Assignment02/code/build/CMakeFiles/CMakeTmp/src.c
/Users/Maiky/Dropbox/KTH/DH2320/Assignments/dh2320-labs/Assignment02/code/build/CMakeFiles/CMakeTmp/src.c:2:10: fatal error: 'omp.h' file not found
#include <omp.h>
         ^
1 error generated.
make[1]: *** [CMakeFiles/cmTC_5510b.dir/src.c.o] Error 1
make: *** [cmTC_5510b/fast] Error 2

Source file was:

#include <omp.h>
int main() {
#ifdef _OPENMP
  return 0;
#else
  breaks_on_purpose
#endif
}

Performing C SOURCE FILE Test OpenMP_FLAG_DETECTED failed with the following output:
Change Dir: /Users/Maiky/Dropbox/KTH/DH2320/Assignments/dh2320-labs/Assignment02/code/build/CMakeFiles/CMakeTmp

Run Build Command:"/usr/bin/make" "cmTC_f3e29/fast"
/Library/Developer/CommandLineTools/usr/bin/make -f CMakeFiles/cmTC_f3e29.dir/build.make CMakeFiles/cmTC_f3e29.dir/build
Building C object CMakeFiles/cmTC_f3e29.dir/src.c.o
/Library/Developer/CommandLineTools/usr/bin/cc    -DOpenMP_FLAG_DETECTED -fopenmp   -o CMakeFiles/cmTC_f3e29.dir/src.c.o   -c /Users/Maiky/Dropbox/KTH/DH2320/Assignments/dh2320-labs/Assignment02/code/build/CMakeFiles/CMakeTmp/src.c
clang: error: unsupported option '-fopenmp'
make[1]: *** [CMakeFiles/cmTC_f3e29.dir/src.c.o] Error 1
make: *** [cmTC_f3e29/fast] Error 2

Source file was:

#include <omp.h>
int main() {
#ifdef _OPENMP
  return 0;
#else
  breaks_on_purpose
#endif
}

Performing C SOURCE FILE Test OpenMP_FLAG_DETECTED failed with the following output:
Change Dir: /Users/Maiky/Dropbox/KTH/DH2320/Assignments/dh2320-labs/Assignment02/code/build/CMakeFiles/CMakeTmp

Run Build Command:"/usr/bin/make" "cmTC_bd166/fast"
/Library/Developer/CommandLineTools/usr/bin/make -f CMakeFiles/cmTC_bd166.dir/build.make CMakeFiles/cmTC_bd166.dir/build
Building C object CMakeFiles/cmTC_bd166.dir/src.c.o
/Library/Developer/CommandLineTools/usr/bin/cc    -DOpenMP_FLAG_DETECTED /openmp   -o CMakeFiles/cmTC_bd166.dir/src.c.o   -c /Users/Maiky/Dropbox/KTH/DH2320/Assignments/dh2320-labs/Assignment02/code/build/CMakeFiles/CMakeTmp/src.c
clang: error: no such file or directory: '/openmp'
make[1]: *** [CMakeFiles/cmTC_bd166.dir/src.c.o] Error 1
make: *** [cmTC_bd166/fast] Error 2

Source file was:

#include <omp.h>
int main() {
#ifdef _OPENMP
  return 0;
#else
  breaks_on_purpose
#endif
}

Performing C SOURCE FILE Test OpenMP_FLAG_DETECTED failed with the following output:
Change Dir: /Users/Maiky/Dropbox/KTH/DH2320/Assignments/dh2320-labs/Assignment02/code/build/CMakeFiles/CMakeTmp

Run Build Command:"/usr/bin/make" "cmTC_799ad/fast"
/Library/Developer/CommandLineTools/usr/bin/make -f CMakeFiles/cmTC_799ad.dir/build.make CMakeFiles/cmTC_799ad.dir/build
Building C object CMakeFiles/cmTC_799ad.dir/src.c.o
/Library/Developer/CommandLineTools/usr/bin/cc    -DOpenMP_FLAG_DETECTED -Qopenmp   -o CMakeFiles/cmTC_799ad.dir/src.c.o   -c /Users/Maiky/Dropbox/KTH/DH2320/Assignments/dh2320-labs/Assignment02/code/build/CMakeFiles/CMakeTmp/src.c
clang: error: unknown argument: '-Qopenmp'
make[1]: *** [CMakeFiles/cmTC_799ad.dir/src.c.o] Error 1
make: *** [cmTC_799ad/fast] Error 2

Source file was:

#include <omp.h>
int main() {
#ifdef _OPENMP
  return 0;
#else
  breaks_on_purpose
#endif
}

Performing C SOURCE FILE Test OpenMP_FLAG_DETECTED failed with the following output:
Change Dir: /Users/Maiky/Dropbox/KTH/DH2320/Assignments/dh2320-labs/Assignment02/code/build/CMakeFiles/CMakeTmp

Run Build Command:"/usr/bin/make" "cmTC_dd078/fast"
/Library/Developer/CommandLineTools/usr/bin/make -f CMakeFiles/cmTC_dd078.dir/build.make CMakeFiles/cmTC_dd078.dir/build
Building C object CMakeFiles/cmTC_dd078.dir/src.c.o
/Library/Developer/CommandLineTools/usr/bin/cc    -DOpenMP_FLAG_DETECTED -openmp   -o CMakeFiles/cmTC_dd078.dir/src.c.o   -c /Users/Maiky/Dropbox/KTH/DH2320/Assignments/dh2320-labs/Assignment02/code/build/CMakeFiles/CMakeTmp/src.c
/Users/Maiky/Dropbox/KTH/DH2320/Assignments/dh2320-labs/Assignment02/code/build/CMakeFiles/CMakeTmp/src.c:2:10: fatal error: 'omp.h' file not found
#include <omp.h>
         ^
1 error generated.
make[1]: *** [CMakeFiles/cmTC_dd078.dir/src.c.o] Error 1
make: *** [cmTC_dd078/fast] Error 2

Source file was:

#include <omp.h>
int main() {
#ifdef _OPENMP
  return 0;
#else
  breaks_on_purpose
#endif
}

Performing C SOURCE FILE Test OpenMP_FLAG_DETECTED failed with the following output:
Change Dir: /Users/Maiky/Dropbox/KTH/DH2320/Assignments/dh2320-labs/Assignment02/code/build/CMakeFiles/CMakeTmp

Run Build Command:"/usr/bin/make" "cmTC_d8ca2/fast"
/Library/Developer/CommandLineTools/usr/bin/make -f CMakeFiles/cmTC_d8ca2.dir/build.make CMakeFiles/cmTC_d8ca2.dir/build
Building C object CMakeFiles/cmTC_d8ca2.dir/src.c.o
/Library/Developer/CommandLineTools/usr/bin/cc    -DOpenMP_FLAG_DETECTED -xopenmp   -o CMakeFiles/cmTC_d8ca2.dir/src.c.o   -c /Users/Maiky/Dropbox/KTH/DH2320/Assignments/dh2320-labs/Assignment02/code/build/CMakeFiles/CMakeTmp/src.c
clang: error: language not recognized: 'openmp'
clang: warning: /Users/Maiky/Dropbox/KTH/DH2320/Assignments/dh2320-labs/Assignment02/code/build/CMakeFiles/CMakeTmp/src.c: 'linker' input unused
make[1]: *** [CMakeFiles/cmTC_d8ca2.dir/src.c.o] Error 1
make: *** [cmTC_d8ca2/fast] Error 2

Source file was:

#include <omp.h>
int main() {
#ifdef _OPENMP
  return 0;
#else
  breaks_on_purpose
#endif
}

Performing C SOURCE FILE Test OpenMP_FLAG_DETECTED failed with the following output:
Change Dir: /Users/Maiky/Dropbox/KTH/DH2320/Assignments/dh2320-labs/Assignment02/code/build/CMakeFiles/CMakeTmp

Run Build Command:"/usr/bin/make" "cmTC_51b9c/fast"
/Library/Developer/CommandLineTools/usr/bin/make -f CMakeFiles/cmTC_51b9c.dir/build.make CMakeFiles/cmTC_51b9c.dir/build
Building C object CMakeFiles/cmTC_51b9c.dir/src.c.o
/Library/Developer/CommandLineTools/usr/bin/cc    -DOpenMP_FLAG_DETECTED +Oopenmp   -o CMakeFiles/cmTC_51b9c.dir/src.c.o   -c /Users/Maiky/Dropbox/KTH/DH2320/Assignments/dh2320-labs/Assignment02/code/build/CMakeFiles/CMakeTmp/src.c
clang: error: no such file or directory: '+Oopenmp'
make[1]: *** [CMakeFiles/cmTC_51b9c.dir/src.c.o] Error 1
make: *** [cmTC_51b9c/fast] Error 2

Source file was:

#include <omp.h>
int main() {
#ifdef _OPENMP
  return 0;
#else
  breaks_on_purpose
#endif
}

Performing C SOURCE FILE Test OpenMP_FLAG_DETECTED failed with the following output:
Change Dir: /Users/Maiky/Dropbox/KTH/DH2320/Assignments/dh2320-labs/Assignment02/code/build/CMakeFiles/CMakeTmp

Run Build Command:"/usr/bin/make" "cmTC_faf13/fast"
/Library/Developer/CommandLineTools/usr/bin/make -f CMakeFiles/cmTC_faf13.dir/build.make CMakeFiles/cmTC_faf13.dir/build
Building C object CMakeFiles/cmTC_faf13.dir/src.c.o
/Library/Developer/CommandLineTools/usr/bin/cc    -DOpenMP_FLAG_DETECTED -qsmp   -o CMakeFiles/cmTC_faf13.dir/src.c.o   -c /Users/Maiky/Dropbox/KTH/DH2320/Assignments/dh2320-labs/Assignment02/code/build/CMakeFiles/CMakeTmp/src.c
clang: error: unknown argument: '-qsmp'
make[1]: *** [CMakeFiles/cmTC_faf13.dir/src.c.o] Error 1
make: *** [cmTC_faf13/fast] Error 2

Source file was:

#include <omp.h>
int main() {
#ifdef _OPENMP
  return 0;
#else
  breaks_on_purpose
#endif
}

Performing C SOURCE FILE Test OpenMP_FLAG_DETECTED failed with the following output:
Change Dir: /Users/Maiky/Dropbox/KTH/DH2320/Assignments/dh2320-labs/Assignment02/code/build/CMakeFiles/CMakeTmp

Run Build Command:"/usr/bin/make" "cmTC_6456e/fast"
/Library/Developer/CommandLineTools/usr/bin/make -f CMakeFiles/cmTC_6456e.dir/build.make CMakeFiles/cmTC_6456e.dir/build
Building C object CMakeFiles/cmTC_6456e.dir/src.c.o
/Library/Developer/CommandLineTools/usr/bin/cc    -DOpenMP_FLAG_DETECTED -mp   -o CMakeFiles/cmTC_6456e.dir/src.c.o   -c /Users/Maiky/Dropbox/KTH/DH2320/Assignments/dh2320-labs/Assignment02/code/build/CMakeFiles/CMakeTmp/src.c
clang: error: unknown argument: '-mp'
make[1]: *** [CMakeFiles/cmTC_6456e.dir/src.c.o] Error 1
make: *** [cmTC_6456e/fast] Error 2

Source file was:

#include <omp.h>
int main() {
#ifdef _OPENMP
  return 0;
#else
  breaks_on_purpose
#endif
}

Performing C++ SOURCE FILE Test OpenMP_FLAG_DETECTED failed with the following output:
Change Dir: /Users/Maiky/Dropbox/KTH/DH2320/Assignments/dh2320-labs/Assignment02/code/build/CMakeFiles/CMakeTmp

Run Build Command:"/usr/bin/make" "cmTC_6f553/fast"
/Library/Developer/CommandLineTools/usr/bin/make -f CMakeFiles/cmTC_6f553.dir/build.make CMakeFiles/cmTC_6f553.dir/build
Building CXX object CMakeFiles/cmTC_6f553.dir/src.cxx.o
/Library/Developer/CommandLineTools/usr/bin/c++     -DOpenMP_FLAG_DETECTED -fopenmp=libomp   -o CMakeFiles/cmTC_6f553.dir/src.cxx.o -c /Users/Maiky/Dropbox/KTH/DH2320/Assignments/dh2320-labs/Assignment02/code/build/CMakeFiles/CMakeTmp/src.cxx
clang: error: unsupported argument 'libomp' to option 'fopenmp='
make[1]: *** [CMakeFiles/cmTC_6f553.dir/src.cxx.o] Error 1
make: *** [cmTC_6f553/fast] Error 2

Source file was:

#include <omp.h>
int main() {
#ifdef _OPENMP
  return 0;
#else
  breaks_on_purpose
#endif
}

Performing C++ SOURCE FILE Test OpenMP_FLAG_DETECTED failed with the following output:
Change Dir: /Users/Maiky/Dropbox/KTH/DH2320/Assignments/dh2320-labs/Assignment02/code/build/CMakeFiles/CMakeTmp

Run Build Command:"/usr/bin/make" "cmTC_c56da/fast"
/Library/Developer/CommandLineTools/usr/bin/make -f CMakeFiles/cmTC_c56da.dir/build.make CMakeFiles/cmTC_c56da.dir/build
Building CXX object CMakeFiles/cmTC_c56da.dir/src.cxx.o
/Library/Developer/CommandLineTools/usr/bin/c++     -DOpenMP_FLAG_DETECTED   -o CMakeFiles/cmTC_c56da.dir/src.cxx.o -c /Users/Maiky/Dropbox/KTH/DH2320/Assignments/dh2320-labs/Assignment02/code/build/CMakeFiles/CMakeTmp/src.cxx
/Users/Maiky/Dropbox/KTH/DH2320/Assignments/dh2320-labs/Assignment02/code/build/CMakeFiles/CMakeTmp/src.cxx:2:10: fatal error: 'omp.h' file not found
#include <omp.h>
         ^
1 error generated.
make[1]: *** [CMakeFiles/cmTC_c56da.dir/src.cxx.o] Error 1
make: *** [cmTC_c56da/fast] Error 2

Source file was:

#include <omp.h>
int main() {
#ifdef _OPENMP
  return 0;
#else
  breaks_on_purpose
#endif
}

Performing C++ SOURCE FILE Test OpenMP_FLAG_DETECTED failed with the following output:
Change Dir: /Users/Maiky/Dropbox/KTH/DH2320/Assignments/dh2320-labs/Assignment02/code/build/CMakeFiles/CMakeTmp

Run Build Command:"/usr/bin/make" "cmTC_365f5/fast"
/Library/Developer/CommandLineTools/usr/bin/make -f CMakeFiles/cmTC_365f5.dir/build.make CMakeFiles/cmTC_365f5.dir/build
Building CXX object CMakeFiles/cmTC_365f5.dir/src.cxx.o
/Library/Developer/CommandLineTools/usr/bin/c++     -DOpenMP_FLAG_DETECTED -fopenmp   -o CMakeFiles/cmTC_365f5.dir/src.cxx.o -c /Users/Maiky/Dropbox/KTH/DH2320/Assignments/dh2320-labs/Assignment02/code/build/CMakeFiles/CMakeTmp/src.cxx
clang: error: unsupported option '-fopenmp'
make[1]: *** [CMakeFiles/cmTC_365f5.dir/src.cxx.o] Error 1
make: *** [cmTC_365f5/fast] Error 2

Source file was:

#include <omp.h>
int main() {
#ifdef _OPENMP
  return 0;
#else
  breaks_on_purpose
#endif
}

Performing C++ SOURCE FILE Test OpenMP_FLAG_DETECTED failed with the following output:
Change Dir: /Users/Maiky/Dropbox/KTH/DH2320/Assignments/dh2320-labs/Assignment02/code/build/CMakeFiles/CMakeTmp

Run Build Command:"/usr/bin/make" "cmTC_3c801/fast"
/Library/Developer/CommandLineTools/usr/bin/make -f CMakeFiles/cmTC_3c801.dir/build.make CMakeFiles/cmTC_3c801.dir/build
Building CXX object CMakeFiles/cmTC_3c801.dir/src.cxx.o
/Library/Developer/CommandLineTools/usr/bin/c++     -DOpenMP_FLAG_DETECTED /openmp   -o CMakeFiles/cmTC_3c801.dir/src.cxx.o -c /Users/Maiky/Dropbox/KTH/DH2320/Assignments/dh2320-labs/Assignment02/code/build/CMakeFiles/CMakeTmp/src.cxx
clang: error: no such file or directory: '/openmp'
make[1]: *** [CMakeFiles/cmTC_3c801.dir/src.cxx.o] Error 1
make: *** [cmTC_3c801/fast] Error 2

Source file was:

#include <omp.h>
int main() {
#ifdef _OPENMP
  return 0;
#else
  breaks_on_purpose
#endif
}

Performing C++ SOURCE FILE Test OpenMP_FLAG_DETECTED failed with the following output:
Change Dir: /Users/Maiky/Dropbox/KTH/DH2320/Assignments/dh2320-labs/Assignment02/code/build/CMakeFiles/CMakeTmp

Run Build Command:"/usr/bin/make" "cmTC_e014b/fast"
/Library/Developer/CommandLineTools/usr/bin/make -f CMakeFiles/cmTC_e014b.dir/build.make CMakeFiles/cmTC_e014b.dir/build
Building CXX object CMakeFiles/cmTC_e014b.dir/src.cxx.o
/Library/Developer/CommandLineTools/usr/bin/c++     -DOpenMP_FLAG_DETECTED -Qopenmp   -o CMakeFiles/cmTC_e014b.dir/src.cxx.o -c /Users/Maiky/Dropbox/KTH/DH2320/Assignments/dh2320-labs/Assignment02/code/build/CMakeFiles/CMakeTmp/src.cxx
clang: error: unknown argument: '-Qopenmp'
make[1]: *** [CMakeFiles/cmTC_e014b.dir/src.cxx.o] Error 1
make: *** [cmTC_e014b/fast] Error 2

Source file was:

#include <omp.h>
int main() {
#ifdef _OPENMP
  return 0;
#else
  breaks_on_purpose
#endif
}

Performing C++ SOURCE FILE Test OpenMP_FLAG_DETECTED failed with the following output:
Change Dir: /Users/Maiky/Dropbox/KTH/DH2320/Assignments/dh2320-labs/Assignment02/code/build/CMakeFiles/CMakeTmp

Run Build Command:"/usr/bin/make" "cmTC_23da9/fast"
/Library/Developer/CommandLineTools/usr/bin/make -f CMakeFiles/cmTC_23da9.dir/build.make CMakeFiles/cmTC_23da9.dir/build
Building CXX object CMakeFiles/cmTC_23da9.dir/src.cxx.o
/Library/Developer/CommandLineTools/usr/bin/c++     -DOpenMP_FLAG_DETECTED -openmp   -o CMakeFiles/cmTC_23da9.dir/src.cxx.o -c /Users/Maiky/Dropbox/KTH/DH2320/Assignments/dh2320-labs/Assignment02/code/build/CMakeFiles/CMakeTmp/src.cxx
/Users/Maiky/Dropbox/KTH/DH2320/Assignments/dh2320-labs/Assignment02/code/build/CMakeFiles/CMakeTmp/src.cxx:2:10: fatal error: 'omp.h' file not found
#include <omp.h>
         ^
1 error generated.
make[1]: *** [CMakeFiles/cmTC_23da9.dir/src.cxx.o] Error 1
make: *** [cmTC_23da9/fast] Error 2

Source file was:

#include <omp.h>
int main() {
#ifdef _OPENMP
  return 0;
#else
  breaks_on_purpose
#endif
}

Performing C++ SOURCE FILE Test OpenMP_FLAG_DETECTED failed with the following output:
Change Dir: /Users/Maiky/Dropbox/KTH/DH2320/Assignments/dh2320-labs/Assignment02/code/build/CMakeFiles/CMakeTmp

Run Build Command:"/usr/bin/make" "cmTC_bfa31/fast"
/Library/Developer/CommandLineTools/usr/bin/make -f CMakeFiles/cmTC_bfa31.dir/build.make CMakeFiles/cmTC_bfa31.dir/build
Building CXX object CMakeFiles/cmTC_bfa31.dir/src.cxx.o
/Library/Developer/CommandLineTools/usr/bin/c++     -DOpenMP_FLAG_DETECTED -xopenmp   -o CMakeFiles/cmTC_bfa31.dir/src.cxx.o -c /Users/Maiky/Dropbox/KTH/DH2320/Assignments/dh2320-labs/Assignment02/code/build/CMakeFiles/CMakeTmp/src.cxx
clang: error: language not recognized: 'openmp'
clang: warning: /Users/Maiky/Dropbox/KTH/DH2320/Assignments/dh2320-labs/Assignment02/code/build/CMakeFiles/CMakeTmp/src.cxx: 'linker' input unused
make[1]: *** [CMakeFiles/cmTC_bfa31.dir/src.cxx.o] Error 1
make: *** [cmTC_bfa31/fast] Error 2

Source file was:

#include <omp.h>
int main() {
#ifdef _OPENMP
  return 0;
#else
  breaks_on_purpose
#endif
}

Performing C++ SOURCE FILE Test OpenMP_FLAG_DETECTED failed with the following output:
Change Dir: /Users/Maiky/Dropbox/KTH/DH2320/Assignments/dh2320-labs/Assignment02/code/build/CMakeFiles/CMakeTmp

Run Build Command:"/usr/bin/make" "cmTC_7678d/fast"
/Library/Developer/CommandLineTools/usr/bin/make -f CMakeFiles/cmTC_7678d.dir/build.make CMakeFiles/cmTC_7678d.dir/build
Building CXX object CMakeFiles/cmTC_7678d.dir/src.cxx.o
/Library/Developer/CommandLineTools/usr/bin/c++     -DOpenMP_FLAG_DETECTED +Oopenmp   -o CMakeFiles/cmTC_7678d.dir/src.cxx.o -c /Users/Maiky/Dropbox/KTH/DH2320/Assignments/dh2320-labs/Assignment02/code/build/CMakeFiles/CMakeTmp/src.cxx
clang: error: no such file or directory: '+Oopenmp'
make[1]: *** [CMakeFiles/cmTC_7678d.dir/src.cxx.o] Error 1
make: *** [cmTC_7678d/fast] Error 2

Source file was:

#include <omp.h>
int main() {
#ifdef _OPENMP
  return 0;
#else
  breaks_on_purpose
#endif
}

Performing C++ SOURCE FILE Test OpenMP_FLAG_DETECTED failed with the following output:
Change Dir: /Users/Maiky/Dropbox/KTH/DH2320/Assignments/dh2320-labs/Assignment02/code/build/CMakeFiles/CMakeTmp

Run Build Command:"/usr/bin/make" "cmTC_fe6e0/fast"
/Library/Developer/CommandLineTools/usr/bin/make -f CMakeFiles/cmTC_fe6e0.dir/build.make CMakeFiles/cmTC_fe6e0.dir/build
Building CXX object CMakeFiles/cmTC_fe6e0.dir/src.cxx.o
/Library/Developer/CommandLineTools/usr/bin/c++     -DOpenMP_FLAG_DETECTED -qsmp   -o CMakeFiles/cmTC_fe6e0.dir/src.cxx.o -c /Users/Maiky/Dropbox/KTH/DH2320/Assignments/dh2320-labs/Assignment02/code/build/CMakeFiles/CMakeTmp/src.cxx
clang: error: unknown argument: '-qsmp'
make[1]: *** [CMakeFiles/cmTC_fe6e0.dir/src.cxx.o] Error 1
make: *** [cmTC_fe6e0/fast] Error 2

Source file was:

#include <omp.h>
int main() {
#ifdef _OPENMP
  return 0;
#else
  breaks_on_purpose
#endif
}

Performing C++ SOURCE FILE Test OpenMP_FLAG_DETECTED failed with the following output:
Change Dir: /Users/Maiky/Dropbox/KTH/DH2320/Assignments/dh2320-labs/Assignment02/code/build/CMakeFiles/CMakeTmp

Run Build Command:"/usr/bin/make" "cmTC_028bc/fast"
/Library/Developer/CommandLineTools/usr/bin/make -f CMakeFiles/cmTC_028bc.dir/build.make CMakeFiles/cmTC_028bc.dir/build
Building CXX object CMakeFiles/cmTC_028bc.dir/src.cxx.o
/Library/Developer/CommandLineTools/usr/bin/c++     -DOpenMP_FLAG_DETECTED -mp   -o CMakeFiles/cmTC_028bc.dir/src.cxx.o -c /Users/Maiky/Dropbox/KTH/DH2320/Assignments/dh2320-labs/Assignment02/code/build/CMakeFiles/CMakeTmp/src.cxx
clang: error: unknown argument: '-mp'
make[1]: *** [CMakeFiles/cmTC_028bc.dir/src.cxx.o] Error 1
make: *** [cmTC_028bc/fast] Error 2

Source file was:

#include <omp.h>
int main() {
#ifdef _OPENMP
  return 0;
#else
  breaks_on_purpose
#endif
}

